<?xml version="1.0" encoding="UTF-8"?>
<!-- Generated by org.testng.reporters.JUnitReportReporter -->
<testsuite hostname="DESKTOP-R09BFLF" failures="0" tests="7" name="cucumberoptions.TestNGTestRunner" time="48.838" errors="0" timestamp="2023-02-20T12:56:00 EST" skipped="0">
  <testcase classname="cucumberoptions.TestNGTestRunner" name="runScenario" time="6.142"/>
  <system-out/>
  <testcase classname="cucumberoptions.TestNGTestRunner" name="runScenario" time="6.271"/>
  <system-out/>
  <testcase classname="cucumberoptions.TestNGTestRunner" name="runScenario" time="10.920"/>
  <system-out/>
  <testcase classname="cucumberoptions.TestNGTestRunner" name="runScenario" time="6.152"/>
  <system-out/>
  <testcase classname="cucumberoptions.TestNGTestRunner" name="runScenario" time="6.585"/>
  <system-out/>
  <testcase classname="cucumberoptions.TestNGTestRunner" name="runScenario" time="6.233"/>
  <system-out/>
  <testcase classname="cucumberoptions.TestNGTestRunner" name="runScenario" time="6.535"/>
  <system-out/>
</testsuite> <!-- cucumberoptions.TestNGTestRunner -->
