<?xml version="1.0" encoding="UTF-8"?>
<!-- Generated by org.testng.reporters.JUnitReportReporter -->
<testsuite hostname="DESKTOP-R09BFLF" failures="0" tests="6" name="cucumberoptions.TestNGTestRunner" time="48.044" errors="0" timestamp="2023-02-23T23:56:02 EST" skipped="0">
  <testcase classname="cucumberoptions.TestNGTestRunner" name="runScenario" time="7.475"/>
  <system-out/>
  <testcase classname="cucumberoptions.TestNGTestRunner" name="runScenario" time="11.910"/>
  <system-out/>
  <testcase classname="cucumberoptions.TestNGTestRunner" name="runScenario" time="7.404"/>
  <system-out/>
  <testcase classname="cucumberoptions.TestNGTestRunner" name="runScenario" time="7.427"/>
  <system-out/>
  <testcase classname="cucumberoptions.TestNGTestRunner" name="runScenario" time="6.898"/>
  <system-out/>
  <testcase classname="cucumberoptions.TestNGTestRunner" name="runScenario" time="6.930"/>
  <system-out/>
</testsuite> <!-- cucumberoptions.TestNGTestRunner -->
