<?xml version="1.0" encoding="UTF-8"?>
<!-- Generated by org.testng.reporters.JUnitReportReporter -->
<testsuite hostname="DESKTOP-R09BFLF" failures="0" tests="8" name="cucumberoptions.TestNGTestRunner" time="55.420" errors="0" timestamp="2023-02-22T10:02:10 EST" skipped="0">
  <testcase classname="cucumberoptions.TestNGTestRunner" name="runScenario" time="6.783"/>
  <system-out/>
  <testcase classname="cucumberoptions.TestNGTestRunner" name="runScenario" time="6.673"/>
  <system-out/>
  <testcase classname="cucumberoptions.TestNGTestRunner" name="runScenario" time="5.957"/>
  <system-out/>
  <testcase classname="cucumberoptions.TestNGTestRunner" name="runScenario" time="10.373"/>
  <system-out/>
  <testcase classname="cucumberoptions.TestNGTestRunner" name="runScenario" time="6.634"/>
  <system-out/>
  <testcase classname="cucumberoptions.TestNGTestRunner" name="runScenario" time="6.277"/>
  <system-out/>
  <testcase classname="cucumberoptions.TestNGTestRunner" name="runScenario" time="6.420"/>
  <system-out/>
  <testcase classname="cucumberoptions.TestNGTestRunner" name="runScenario" time="6.303"/>
  <system-out/>
</testsuite> <!-- cucumberoptions.TestNGTestRunner -->
