<?xml version="1.0" encoding="UTF-8"?>
<!-- Generated by org.testng.reporters.JUnitReportReporter -->
<testsuite hostname="DESKTOP-R09BFLF" failures="0" tests="6" name="cucumberoptions.TestNGTestRunner" time="354.715" errors="0" timestamp="2023-02-24T12:45:59 EST" skipped="0">
  <testcase classname="cucumberoptions.TestNGTestRunner" name="runScenario" time="58.635"/>
  <system-out/>
  <testcase classname="cucumberoptions.TestNGTestRunner" name="runScenario" time="59.662"/>
  <system-out/>
  <testcase classname="cucumberoptions.TestNGTestRunner" name="runScenario" time="58.096"/>
  <system-out/>
  <testcase classname="cucumberoptions.TestNGTestRunner" name="runScenario" time="59.522"/>
  <system-out/>
  <testcase classname="cucumberoptions.TestNGTestRunner" name="runScenario" time="59.647"/>
  <system-out/>
  <testcase classname="cucumberoptions.TestNGTestRunner" name="runScenario" time="59.153"/>
  <system-out/>
</testsuite> <!-- cucumberoptions.TestNGTestRunner -->
